2025-05-12 23:49:51,477	WARNING deprecation.py:50 -- DeprecationWarning: `ray.rllib.algorithms.ppo.torch.ppo_torch_rl_module.PPOTorchRLModule` has been deprecated. Use `ray.rllib.algorithms.ppo.torch.default_ppo_torch_rl_module.DefaultPPOTorchRLModule` instead. This will raise an error in the future!
2025-05-12 23:49:55,360	INFO worker.py:1841 -- Started a local Ray instance.
2025-05-12 23:49:59,041	WARNING algorithm_config.py:4703 -- You are running PPO on the new API stack! This is the new default behavior for this algorithm. If you don't want to use the new API stack, set `config.api_stack(enable_rl_module_and_learner=False,enable_env_runner_and_connector_v2=False)`. For a detailed migration guide, see here: https://docs.ray.io/en/master/rllib/new-api-stack-migration-guide.html
/home/bpulles/.cache/pypoetry/virtualenvs/code-nlzvBX7P-py3.12/lib/python3.12/site-packages/ray/rllib/algorithms/algorithm.py:512: RayDeprecationWarning: This API is deprecated and may be removed in future Ray releases. You could suppress this warning by setting env variable PYTHONWARNINGS="ignore::DeprecationWarning"
`UnifiedLogger` will be removed in Ray 2.7.
  return UnifiedLogger(config, logdir, loggers=None)
/home/bpulles/.cache/pypoetry/virtualenvs/code-nlzvBX7P-py3.12/lib/python3.12/site-packages/ray/tune/logger/unified.py:53: RayDeprecationWarning: This API is deprecated and may be removed in future Ray releases. You could suppress this warning by setting env variable PYTHONWARNINGS="ignore::DeprecationWarning"
The `JsonLogger interface is deprecated in favor of the `ray.tune.json.JsonLoggerCallback` interface and will be removed in Ray 2.7.
  self._loggers.append(cls(self.config, self.logdir, self.trial))
/home/bpulles/.cache/pypoetry/virtualenvs/code-nlzvBX7P-py3.12/lib/python3.12/site-packages/ray/tune/logger/unified.py:53: RayDeprecationWarning: This API is deprecated and may be removed in future Ray releases. You could suppress this warning by setting env variable PYTHONWARNINGS="ignore::DeprecationWarning"
The `CSVLogger interface is deprecated in favor of the `ray.tune.csv.CSVLoggerCallback` interface and will be removed in Ray 2.7.
  self._loggers.append(cls(self.config, self.logdir, self.trial))
/home/bpulles/.cache/pypoetry/virtualenvs/code-nlzvBX7P-py3.12/lib/python3.12/site-packages/ray/tune/logger/unified.py:53: RayDeprecationWarning: This API is deprecated and may be removed in future Ray releases. You could suppress this warning by setting env variable PYTHONWARNINGS="ignore::DeprecationWarning"
The `TBXLogger interface is deprecated in favor of the `ray.tune.tensorboardx.TBXLoggerCallback` interface and will be removed in Ray 2.7.
  self._loggers.append(cls(self.config, self.logdir, self.trial))
[36m(SingleAgentEnvRunner pid=149380)[0m 2025-05-12 23:50:03,774	WARNING deprecation.py:50 -- DeprecationWarning: `ray.rllib.algorithms.ppo.torch.ppo_torch_rl_module.PPOTorchRLModule` has been deprecated. Use `ray.rllib.algorithms.ppo.torch.default_ppo_torch_rl_module.DefaultPPOTorchRLModule` instead. This will raise an error in the future!
[36m(SingleAgentEnvRunner pid=149380)[0m /home/bpulles/.cache/pypoetry/virtualenvs/code-nlzvBX7P-py3.12/lib/python3.12/site-packages/gymnasium/utils/passive_env_checker.py:35: UserWarning: [33mWARN: A Box observation space maximum and minimum values are equal.[0m
[36m(SingleAgentEnvRunner pid=149380)[0m   logger.warn("A Box observation space maximum and minimum values are equal.")
[36m(SingleAgentEnvRunner pid=149380)[0m 2025-05-12 23:50:05,332	WARNING deprecation.py:50 -- DeprecationWarning: `RLModule(config=[RLModuleConfig object])` has been deprecated. Use `RLModule(observation_space=.., action_space=.., inference_only=.., model_config=.., catalog_class=..)` instead. This will raise an error in the future!
/home/bpulles/.cache/pypoetry/virtualenvs/code-nlzvBX7P-py3.12/lib/python3.12/site-packages/gymnasium/utils/passive_env_checker.py:35: UserWarning: [33mWARN: A Box observation space maximum and minimum values are equal.[0m
  logger.warn("A Box observation space maximum and minimum values are equal.")
2025-05-12 23:50:06,582	WARNING deprecation.py:50 -- DeprecationWarning: `RLModule(config=[RLModuleConfig object])` has been deprecated. Use `RLModule(observation_space=.., action_space=.., inference_only=.., model_config=.., catalog_class=..)` instead. This will raise an error in the future!
/home/bpulles/.cache/pypoetry/virtualenvs/code-nlzvBX7P-py3.12/lib/python3.12/site-packages/gymnasium/envs/registration.py:642: UserWarning: [33mWARN: Overriding environment rllib-single-agent-env-v0 already in registry.[0m
  logger.warn(f"Overriding environment {new_spec.id} already in registry.")
/home/bpulles/.cache/pypoetry/virtualenvs/code-nlzvBX7P-py3.12/lib/python3.12/site-packages/gymnasium/utils/passive_env_checker.py:35: UserWarning: [33mWARN: A Box observation space maximum and minimum values are equal.[0m
  logger.warn("A Box observation space maximum and minimum values are equal.")
2025-05-12 23:50:10,621	INFO trainable.py:160 -- Trainable.setup took 11.375 seconds. If your trainable is slow to initialize, consider setting reuse_actors=True to reduce actor creation overheads.
